[0.127s] Invoking command in '/home/rexy/rexy_ws/src/build/rexy_movement_manager': CMAKE_PREFIX_PATH=${CMAKE_PREFIX_PATH}:/opt/ros/foxy /usr/bin/cmake /home/rexy/rexy_ws/src/rexy_movement_manager -DCMAKE_INSTALL_PREFIX=/home/rexy/rexy_ws/src/install/rexy_movement_manager
[0.755s] -- The C compiler identification is GNU 9.3.0
[1.614s] -- The CXX compiler identification is GNU 9.3.0
[1.689s] -- Check for working C compiler: /usr/bin/cc
[2.183s] -- Check for working C compiler: /usr/bin/cc -- works
[2.190s] -- Detecting C compiler ABI info
[2.792s] -- Detecting C compiler ABI info - done
[2.868s] -- Detecting C compile features
[2.873s] -- Detecting C compile features - done
[2.919s] -- Check for working CXX compiler: /usr/bin/c++
[4.233s] -- Check for working CXX compiler: /usr/bin/c++ -- works
[4.245s] -- Detecting CXX compiler ABI info
[5.627s] -- Detecting CXX compiler ABI info - done
[5.795s] -- Detecting CXX compile features
[5.803s] -- Detecting CXX compile features - done
[5.883s] -- Found ament_cmake: 0.9.9 (/opt/ros/foxy/share/ament_cmake/cmake)
[6.382s] -- Found PythonInterp: /usr/bin/python3 (found suitable version "3.8.10", minimum required is "3") 
[6.383s] -- Using PYTHON_EXECUTABLE: /usr/bin/python3
[8.411s] -- Found rclcpp: 2.4.1 (/opt/ros/foxy/share/rclcpp/cmake)
[9.138s] -- Using all available rosidl_typesupport_c: rosidl_typesupport_fastrtps_c;rosidl_typesupport_introspection_c
[9.210s] -- Found rosidl_adapter: 1.2.1 (/opt/ros/foxy/share/rosidl_adapter/cmake)
[10.257s] -- Found OpenSSL: /usr/lib/aarch64-linux-gnu/libcrypto.so (found version "1.1.1f")  
[10.775s] -- Found FastRTPS: /opt/ros/foxy/include  
[12.750s] -- Using all available rosidl_typesupport_cpp: rosidl_typesupport_fastrtps_cpp;rosidl_typesupport_introspection_cpp
[13.711s] -- Found rmw_implementation_cmake: 1.0.3 (/opt/ros/foxy/share/rmw_implementation_cmake/cmake)
[13.731s] -- Using RMW implementation 'rmw_fastrtps_cpp' as default
[13.742s] -- Looking for pthread.h
[14.460s] -- Looking for pthread.h - found
[14.462s] -- Performing Test CMAKE_HAVE_LIBC_PTHREAD
[14.917s] -- Performing Test CMAKE_HAVE_LIBC_PTHREAD - Failed
[14.919s] -- Looking for pthread_create in pthreads
[15.413s] -- Looking for pthread_create in pthreads - not found
[15.416s] -- Looking for pthread_create in pthread
[16.251s] -- Looking for pthread_create in pthread - found
[16.263s] -- Found Threads: TRUE  
[18.372s] -- Found rclpy: 1.0.8 (/opt/ros/foxy/share/rclpy/cmake)
[18.382s] -- Found rexy_msg: 0.0.0 (/home/rexy/rexy_ws/install/rexy_msg/share/rexy_msg/cmake)
[18.500s] -- Found ament_lint_auto: 0.9.6 (/opt/ros/foxy/share/ament_lint_auto/cmake)
[19.063s] -- Added test 'copyright' to check source files copyright and LICENSE
[19.075s] -- Added test 'cppcheck' to perform static code analysis on C / C++ code
[19.077s] -- Configured cppcheck include dirs: /home/rexy/rexy_ws/src/rexy_movement_manager/include;$<BUILD_INTERFACE:/home/rexy/rexy_ws/src/rexy_movement_manager/include>
[19.077s] -- Configured cppcheck exclude dirs and/or files: 
[19.087s] -- Added test 'cpplint' to check C / C++ code against the Google style
[19.088s] -- Configured cpplint exclude dirs and/or files: 
[19.093s] -- Added test 'lint_cmake' to check CMake code style
[19.104s] -- Added test 'uncrustify' to check C / C++ code style
[19.105s] -- Configured uncrustify additional arguments: 
[19.108s] -- Added test 'xmllint' to check XML markup files
[19.139s] -- Configuring done
[19.191s] -- Generating done
[19.212s] -- Build files have been written to: /home/rexy/rexy_ws/src/build/rexy_movement_manager
[19.256s] Invoked command in '/home/rexy/rexy_ws/src/build/rexy_movement_manager' returned '0': CMAKE_PREFIX_PATH=${CMAKE_PREFIX_PATH}:/opt/ros/foxy /usr/bin/cmake /home/rexy/rexy_ws/src/rexy_movement_manager -DCMAKE_INSTALL_PREFIX=/home/rexy/rexy_ws/src/install/rexy_movement_manager
[19.260s] Invoking command in '/home/rexy/rexy_ws/src/build/rexy_movement_manager': CMAKE_PREFIX_PATH=${CMAKE_PREFIX_PATH}:/opt/ros/foxy /usr/bin/cmake --build /home/rexy/rexy_ws/src/build/rexy_movement_manager -- -j4 -l4
[19.547s] [35m[1mScanning dependencies of target movement_manager[0m
[20.192s] [ 33%] [32mBuilding CXX object CMakeFiles/movement_manager.dir/src/movement_manager.cpp.o[0m
[20.203s] [ 66%] [32mBuilding CXX object CMakeFiles/movement_manager.dir/src/kinematics.cpp.o[0m
[54.349s] [100%] [32m[1mLinking CXX executable movement_manager[0m
[55.482s] [100%] Built target movement_manager
