-- The C compiler identification is GNU 9.3.0
-- The CXX compiler identification is GNU 9.3.0
-- Check for working C compiler: /usr/bin/cc
-- Check for working C compiler: /usr/bin/cc -- works
-- Detecting C compiler ABI info
-- Detecting C compiler ABI info - done
-- Detecting C compile features
-- Detecting C compile features - done
-- Check for working CXX compiler: /usr/bin/c++
-- Check for working CXX compiler: /usr/bin/c++ -- works
-- Detecting CXX compiler ABI info
-- Detecting CXX compiler ABI info - done
-- Detecting CXX compile features
-- Detecting CXX compile features - done
-- Found ament_cmake: 0.9.9 (/opt/ros/foxy/share/ament_cmake/cmake)
-- Found PythonInterp: /usr/bin/python3 (found suitable version "3.8.10", minimum required is "3") 
-- Using PYTHON_EXECUTABLE: /usr/bin/python3
-- Found ament_lint_auto: 0.9.6 (/opt/ros/foxy/share/ament_lint_auto/cmake)
-- Added test 'copyright' to check source files copyright and LICENSE
-- Added test 'flake8' to check Python code syntax and style conventions
-- Added test 'lint_cmake' to check CMake code style
-- Added test 'pep257' to check Python code against some of the style conventions in PEP 257
-- Added test 'xmllint' to check XML markup files
-- Configuring done
-- Generating done
-- Build files have been written to: /home/rexy/rexy_ws/src/build/rexy_description
-- Install configuration: ""
-- Installing: /home/rexy/rexy_ws/src/install/rexy_description/share/rexy_description/src
-- Installing: /home/rexy/rexy_ws/src/install/rexy_description/share/rexy_description/src/urdf
-- Installing: /home/rexy/rexy_ws/src/install/rexy_description/share/rexy_description/src/urdf/stl
-- Installing: /home/rexy/rexy_ws/src/install/rexy_description/share/rexy_description/src/urdf/stl/rplidar_main.STL
-- Installing: /home/rexy/rexy_ws/src/install/rexy_description/share/rexy_description/src/urdf/stl/rshoulder.stl
-- Installing: /home/rexy/rexy_ws/src/install/rexy_description/share/rexy_description/src/urdf/stl/backpart.stl
-- Installing: /home/rexy/rexy_ws/src/install/rexy_description/share/rexy_description/src/urdf/stl/larm.stl
-- Installing: /home/rexy/rexy_ws/src/install/rexy_description/share/rexy_description/src/urdf/stl/frontpart.stl
-- Installing: /home/rexy/rexy_ws/src/install/rexy_description/share/rexy_description/src/urdf/stl/lshoulder.stl
-- Installing: /home/rexy/rexy_ws/src/install/rexy_description/share/rexy_description/src/urdf/stl/rarm_cover.stl
-- Installing: /home/rexy/rexy_ws/src/install/rexy_description/share/rexy_description/src/urdf/stl/rfoot.stl
-- Installing: /home/rexy/rexy_ws/src/install/rexy_description/share/rexy_description/src/urdf/stl/rarm.stl
-- Installing: /home/rexy/rexy_ws/src/install/rexy_description/share/rexy_description/src/urdf/stl/foot.stl
-- Installing: /home/rexy/rexy_ws/src/install/rexy_description/share/rexy_description/src/urdf/stl/mainbody.stl
-- Installing: /home/rexy/rexy_ws/src/install/rexy_description/share/rexy_description/src/urdf/stl/lfoot.stl
-- Installing: /home/rexy/rexy_ws/src/install/rexy_description/share/rexy_description/src/urdf/stl/larm_cover.stl
-- Installing: /home/rexy/rexy_ws/src/install/rexy_description/share/rexy_description/src/urdf/gen_urdf.sh
-- Installing: /home/rexy/rexy_ws/src/install/rexy_description/share/rexy_description/src/urdf/rexy_model.sdf
-- Installing: /home/rexy/rexy_ws/src/install/rexy_description/share/rexy_description/src/urdf/rexy_model.urdf.xacro
-- Installing: /home/rexy/rexy_ws/src/install/rexy_description/share/rexy_description/src/urdf/rexy_model.urdf
-- Installing: /home/rexy/rexy_ws/src/install/rexy_description/share/rexy_description/launch
-- Installing: /home/rexy/rexy_ws/src/install/rexy_description/share/rexy_description/launch/rexy_rviz.launch.py
-- Installing: /home/rexy/rexy_ws/src/install/rexy_description/share/rexy_description/launch/rexy_gazebo.launch.py
-- Installing: /home/rexy/rexy_ws/src/install/rexy_description/share/rexy_description/rviz
-- Installing: /home/rexy/rexy_ws/src/install/rexy_description/share/rexy_description/rviz/urdf_config.rviz
-- Installing: /home/rexy/rexy_ws/src/install/rexy_description/share/rexy_description/gazebo
-- Installing: /home/rexy/rexy_ws/src/install/rexy_description/share/rexy_description/gazebo/worlds
-- Installing: /home/rexy/rexy_ws/src/install/rexy_description/share/rexy_description/gazebo/worlds/empty_world.world
-- Installing: /home/rexy/rexy_ws/src/install/rexy_description/share/rexy_description/urdf
-- Installing: /home/rexy/rexy_ws/src/install/rexy_description/share/rexy_description/urdf/stl
-- Installing: /home/rexy/rexy_ws/src/install/rexy_description/share/rexy_description/urdf/stl/rplidar_main.STL
-- Installing: /home/rexy/rexy_ws/src/install/rexy_description/share/rexy_description/urdf/stl/rshoulder.stl
-- Installing: /home/rexy/rexy_ws/src/install/rexy_description/share/rexy_description/urdf/stl/backpart.stl
-- Installing: /home/rexy/rexy_ws/src/install/rexy_description/share/rexy_description/urdf/stl/larm.stl
-- Installing: /home/rexy/rexy_ws/src/install/rexy_description/share/rexy_description/urdf/stl/frontpart.stl
-- Installing: /home/rexy/rexy_ws/src/install/rexy_description/share/rexy_description/urdf/stl/lshoulder.stl
-- Installing: /home/rexy/rexy_ws/src/install/rexy_description/share/rexy_description/urdf/stl/rarm_cover.stl
-- Installing: /home/rexy/rexy_ws/src/install/rexy_description/share/rexy_description/urdf/stl/rfoot.stl
-- Installing: /home/rexy/rexy_ws/src/install/rexy_description/share/rexy_description/urdf/stl/rarm.stl
-- Installing: /home/rexy/rexy_ws/src/install/rexy_description/share/rexy_description/urdf/stl/foot.stl
-- Installing: /home/rexy/rexy_ws/src/install/rexy_description/share/rexy_description/urdf/stl/mainbody.stl
-- Installing: /home/rexy/rexy_ws/src/install/rexy_description/share/rexy_description/urdf/stl/lfoot.stl
-- Installing: /home/rexy/rexy_ws/src/install/rexy_description/share/rexy_description/urdf/stl/larm_cover.stl
-- Installing: /home/rexy/rexy_ws/src/install/rexy_description/share/rexy_description/urdf/gen_urdf.sh
-- Installing: /home/rexy/rexy_ws/src/install/rexy_description/share/rexy_description/urdf/rexy_model.sdf
-- Installing: /home/rexy/rexy_ws/src/install/rexy_description/share/rexy_description/urdf/rexy_model.urdf.xacro
-- Installing: /home/rexy/rexy_ws/src/install/rexy_description/share/rexy_description/urdf/rexy_model.urdf
-- Installing: /home/rexy/rexy_ws/src/install/rexy_description/share/ament_index/resource_index/package_run_dependencies/rexy_description
-- Installing: /home/rexy/rexy_ws/src/install/rexy_description/share/ament_index/resource_index/parent_prefix_path/rexy_description
-- Installing: /home/rexy/rexy_ws/src/install/rexy_description/share/rexy_description/environment/ament_prefix_path.sh
-- Installing: /home/rexy/rexy_ws/src/install/rexy_description/share/rexy_description/environment/ament_prefix_path.dsv
-- Installing: /home/rexy/rexy_ws/src/install/rexy_description/share/rexy_description/environment/path.sh
-- Installing: /home/rexy/rexy_ws/src/install/rexy_description/share/rexy_description/environment/path.dsv
-- Installing: /home/rexy/rexy_ws/src/install/rexy_description/share/rexy_description/local_setup.bash
-- Installing: /home/rexy/rexy_ws/src/install/rexy_description/share/rexy_description/local_setup.sh
-- Installing: /home/rexy/rexy_ws/src/install/rexy_description/share/rexy_description/local_setup.zsh
-- Installing: /home/rexy/rexy_ws/src/install/rexy_description/share/rexy_description/local_setup.dsv
-- Installing: /home/rexy/rexy_ws/src/install/rexy_description/share/rexy_description/package.dsv
-- Installing: /home/rexy/rexy_ws/src/install/rexy_description/share/ament_index/resource_index/packages/rexy_description
-- Installing: /home/rexy/rexy_ws/src/install/rexy_description/share/rexy_description/cmake/rexy_descriptionConfig.cmake
-- Installing: /home/rexy/rexy_ws/src/install/rexy_description/share/rexy_description/cmake/rexy_descriptionConfig-version.cmake
-- Installing: /home/rexy/rexy_ws/src/install/rexy_description/share/rexy_description/package.xml
