[0.134s] Invoking command in '/home/rexy/rexy_ws/src/build/rexy_motor_control': CMAKE_PREFIX_PATH=${CMAKE_PREFIX_PATH}:/opt/ros/foxy /usr/bin/cmake /home/rexy/rexy_ws/src/rexy_motor_control -DCMAKE_INSTALL_PREFIX=/home/rexy/rexy_ws/src/install/rexy_motor_control
[0.794s] -- The C compiler identification is GNU 9.3.0
[1.761s] -- The CXX compiler identification is GNU 9.3.0
[1.788s] -- Check for working C compiler: /usr/bin/cc
[2.493s] -- Check for working C compiler: /usr/bin/cc -- works
[2.497s] -- Detecting C compiler ABI info
[3.119s] -- Detecting C compiler ABI info - done
[3.271s] -- Detecting C compile features
[3.277s] -- Detecting C compile features - done
[3.311s] -- Check for working CXX compiler: /usr/bin/c++
[4.581s] -- Check for working CXX compiler: /usr/bin/c++ -- works
[4.594s] -- Detecting CXX compiler ABI info
[6.079s] -- Detecting CXX compiler ABI info - done
[6.199s] -- Detecting CXX compile features
[6.202s] -- Detecting CXX compile features - done
[6.233s] -- Found ament_cmake: 0.9.9 (/opt/ros/foxy/share/ament_cmake/cmake)
[6.450s] -- Found PythonInterp: /usr/bin/python3 (found suitable version "3.8.10", minimum required is "3") 
[6.451s] -- Using PYTHON_EXECUTABLE: /usr/bin/python3
[8.464s] -- Found rclcpp: 2.4.1 (/opt/ros/foxy/share/rclcpp/cmake)
[9.148s] -- Using all available rosidl_typesupport_c: rosidl_typesupport_fastrtps_c;rosidl_typesupport_introspection_c
[9.277s] -- Found rosidl_adapter: 1.2.1 (/opt/ros/foxy/share/rosidl_adapter/cmake)
[10.331s] -- Found OpenSSL: /usr/lib/aarch64-linux-gnu/libcrypto.so (found version "1.1.1f")  
[10.721s] -- Found FastRTPS: /opt/ros/foxy/include  
[12.534s] -- Using all available rosidl_typesupport_cpp: rosidl_typesupport_fastrtps_cpp;rosidl_typesupport_introspection_cpp
[13.559s] -- Found rmw_implementation_cmake: 1.0.3 (/opt/ros/foxy/share/rmw_implementation_cmake/cmake)
[13.589s] -- Using RMW implementation 'rmw_fastrtps_cpp' as default
[13.608s] -- Looking for pthread.h
[14.428s] -- Looking for pthread.h - found
[14.431s] -- Performing Test CMAKE_HAVE_LIBC_PTHREAD
[14.941s] -- Performing Test CMAKE_HAVE_LIBC_PTHREAD - Failed
[14.944s] -- Looking for pthread_create in pthreads
[15.365s] -- Looking for pthread_create in pthreads - not found
[15.367s] -- Looking for pthread_create in pthread
[16.207s] -- Looking for pthread_create in pthread - found
[16.217s] -- Found Threads: TRUE  
[18.385s] -- Found rclpy: 1.0.8 (/opt/ros/foxy/share/rclpy/cmake)
[18.398s] -- Found rexy_msg: 0.0.0 (/home/rexy/rexy_ws/install/rexy_msg/share/rexy_msg/cmake)
[18.531s] -- Found ament_lint_auto: 0.9.6 (/opt/ros/foxy/share/ament_lint_auto/cmake)
[19.130s] -- Added test 'copyright' to check source files copyright and LICENSE
[19.158s] -- Added test 'cppcheck' to perform static code analysis on C / C++ code
[19.160s] -- Configured cppcheck include dirs: /home/rexy/rexy_ws/src/rexy_motor_control/include
[19.161s] -- Configured cppcheck exclude dirs and/or files: 
[19.187s] -- Added test 'cpplint' to check C / C++ code against the Google style
[19.188s] -- Configured cpplint exclude dirs and/or files: 
[19.197s] -- Added test 'flake8' to check Python code syntax and style conventions
[19.209s] -- Added test 'lint_cmake' to check CMake code style
[19.218s] -- Added test 'pep257' to check Python code against some of the style conventions in PEP 257
[19.253s] -- Added test 'uncrustify' to check C / C++ code style
[19.255s] -- Configured uncrustify additional arguments: 
[19.260s] -- Added test 'xmllint' to check XML markup files
[19.295s] -- Configuring done
[19.301s] CMake Error at CMakeLists.txt:31 (add_executable):
[19.302s]   Cannot find source file:
[19.302s] 
[19.303s]     include/motor_control.h
[19.305s] 
[19.306s]   Tried extensions .c .C .c++ .cc .cpp .cxx .cu .m .M .mm .h .hh .h++ .hm
[19.308s]   .hpp .hxx .in .txx
[19.308s] 
[19.309s] 
[19.310s] CMake Error at CMakeLists.txt:31 (add_executable):
[19.311s]   No SOURCES given to target: motor_control
[19.311s] 
[19.312s] 
[19.313s] CMake Generate step failed.  Build files cannot be regenerated correctly.
[19.344s] Invoked command in '/home/rexy/rexy_ws/src/build/rexy_motor_control' returned '1': CMAKE_PREFIX_PATH=${CMAKE_PREFIX_PATH}:/opt/ros/foxy /usr/bin/cmake /home/rexy/rexy_ws/src/rexy_motor_control -DCMAKE_INSTALL_PREFIX=/home/rexy/rexy_ws/src/install/rexy_motor_control
