-- The C compiler identification is GNU 9.3.0
-- The CXX compiler identification is GNU 9.3.0
-- Check for working C compiler: /usr/bin/cc
-- Check for working C compiler: /usr/bin/cc -- works
-- Detecting C compiler ABI info
-- Detecting C compiler ABI info - done
-- Detecting C compile features
-- Detecting C compile features - done
-- Check for working CXX compiler: /usr/bin/c++
-- Check for working CXX compiler: /usr/bin/c++ -- works
-- Detecting CXX compiler ABI info
-- Detecting CXX compiler ABI info - done
-- Detecting CXX compile features
-- Detecting CXX compile features - done
-- Found ament_cmake: 0.9.9 (/opt/ros/foxy/share/ament_cmake/cmake)
-- Found PythonInterp: /usr/bin/python3 (found suitable version "3.8.10", minimum required is "3") 
-- Using PYTHON_EXECUTABLE: /usr/bin/python3
-- Found rosidl_default_generators: 1.0.1 (/opt/ros/foxy/share/rosidl_default_generators/cmake)
-- Using all available rosidl_typesupport_c: rosidl_typesupport_fastrtps_c;rosidl_typesupport_introspection_c
-- Found rosidl_adapter: 1.2.1 (/opt/ros/foxy/share/rosidl_adapter/cmake)
-- Found OpenSSL: /usr/lib/aarch64-linux-gnu/libcrypto.so (found version "1.1.1f")  
-- Found FastRTPS: /opt/ros/foxy/include  
-- Using all available rosidl_typesupport_cpp: rosidl_typesupport_fastrtps_cpp;rosidl_typesupport_introspection_cpp
-- Found PythonInterp: /usr/bin/python3 (found version "3.8.10") 
-- Found ament_cmake_ros: 0.9.2 (/opt/ros/foxy/share/ament_cmake_ros/cmake)
-- Using all available rosidl_typesupport_c: rosidl_typesupport_fastrtps_c;rosidl_typesupport_introspection_c
-- Using all available rosidl_typesupport_cpp: rosidl_typesupport_fastrtps_cpp;rosidl_typesupport_introspection_cpp
-- Found PythonInterp: /usr/bin/python3 (found suitable version "3.8.10", minimum required is "3.5") 
-- Found python_cmake_module: 0.8.1 (/opt/ros/foxy/share/python_cmake_module/cmake)
-- Found PythonLibs: /usr/lib/aarch64-linux-gnu/libpython3.8.so (found suitable version "3.8.10", minimum required is "3.5") 
-- Using PYTHON_EXECUTABLE: /usr/bin/python3
-- Using PYTHON_INCLUDE_DIRS: /usr/include/python3.8
-- Using PYTHON_LIBRARIES: /usr/lib/aarch64-linux-gnu/libpython3.8.so
-- Found PythonExtra: .so  
-- Found ament_lint_auto: 0.9.6 (/opt/ros/foxy/share/ament_lint_auto/cmake)
-- Added test 'copyright' to check source files copyright and LICENSE
-- Added test 'lint_cmake' to check CMake code style
-- Added test 'xmllint' to check XML markup files
-- Configuring done
-- Generating done
-- Build files have been written to: /home/rexy/rexy_ws/src/build/rexy_msg
[  1%] [34m[1mGenerating C code for ROS interfaces[0m
[35m[1mScanning dependencies of target rexy_msg__cpp[0m
[  3%] [34m[1mGenerating C++ code for ROS interfaces[0m
[35m[1mScanning dependencies of target rexy_msg__rosidl_generator_c[0m
[  3%] Built target rexy_msg__cpp
[  7%] [34m[1mGenerating C++ type support for eProsima Fast-RTPS[0m
[  9%] [34m[1mGenerating C++ type support dispatch for ROS interfaces[0m
[  7%] [32mBuilding C object CMakeFiles/rexy_msg__rosidl_generator_c.dir/rosidl_generator_c/rexy_msg/msg/detail/leg__functions.c.o[0m
[ 10%] [34m[1mGenerating C++ introspection for ROS interfaces[0m
[ 12%] [32mBuilding C object CMakeFiles/rexy_msg__rosidl_generator_c.dir/rosidl_generator_c/rexy_msg/msg/detail/leg_list__functions.c.o[0m
[ 14%] [32mBuilding C object CMakeFiles/rexy_msg__rosidl_generator_c.dir/rosidl_generator_c/rexy_msg/msg/detail/sonar__functions.c.o[0m
[ 16%] [32mBuilding C object CMakeFiles/rexy_msg__rosidl_generator_c.dir/rosidl_generator_c/rexy_msg/srv/detail/leg_list_state__functions.c.o[0m
[ 18%] [32m[1mLinking C shared library librexy_msg__rosidl_generator_c.so[0m
[ 18%] Built target rexy_msg__rosidl_generator_c
[ 20%] [34m[1mGenerating C introspection for ROS interfaces[0m
[35m[1mScanning dependencies of target rexy_msg__rosidl_typesupport_cpp[0m
[ 21%] [32mBuilding CXX object CMakeFiles/rexy_msg__rosidl_typesupport_cpp.dir/rosidl_typesupport_cpp/rexy_msg/msg/leg__type_support.cpp.o[0m
[35m[1mScanning dependencies of target rexy_msg__rosidl_typesupport_introspection_cpp[0m
[ 23%] [32mBuilding CXX object CMakeFiles/rexy_msg__rosidl_typesupport_introspection_cpp.dir/rosidl_typesupport_introspection_cpp/rexy_msg/msg/detail/leg__type_support.cpp.o[0m
[35m[1mScanning dependencies of target rexy_msg__rosidl_typesupport_fastrtps_cpp[0m
[ 25%] [32mBuilding CXX object CMakeFiles/rexy_msg__rosidl_typesupport_fastrtps_cpp.dir/rosidl_typesupport_fastrtps_cpp/rexy_msg/msg/detail/dds_fastrtps/leg__type_support.cpp.o[0m
[ 27%] [32mBuilding CXX object CMakeFiles/rexy_msg__rosidl_typesupport_cpp.dir/rosidl_typesupport_cpp/rexy_msg/msg/leg_list__type_support.cpp.o[0m
[35m[1mScanning dependencies of target rexy_msg__rosidl_typesupport_introspection_c[0m
[ 29%] [32mBuilding C object CMakeFiles/rexy_msg__rosidl_typesupport_introspection_c.dir/rosidl_typesupport_introspection_c/rexy_msg/msg/detail/leg__type_support.c.o[0m
[ 30%] [32mBuilding C object CMakeFiles/rexy_msg__rosidl_typesupport_introspection_c.dir/rosidl_typesupport_introspection_c/rexy_msg/msg/detail/leg_list__type_support.c.o[0m
[ 32%] [32mBuilding C object CMakeFiles/rexy_msg__rosidl_typesupport_introspection_c.dir/rosidl_typesupport_introspection_c/rexy_msg/msg/detail/sonar__type_support.c.o[0m
[ 34%] [32mBuilding C object CMakeFiles/rexy_msg__rosidl_typesupport_introspection_c.dir/rosidl_typesupport_introspection_c/rexy_msg/srv/detail/leg_list_state__type_support.c.o[0m
[ 36%] [32mBuilding CXX object CMakeFiles/rexy_msg__rosidl_typesupport_introspection_cpp.dir/rosidl_typesupport_introspection_cpp/rexy_msg/msg/detail/leg_list__type_support.cpp.o[0m
[ 38%] [32m[1mLinking C shared library librexy_msg__rosidl_typesupport_introspection_c.so[0m
[ 38%] Built target rexy_msg__rosidl_typesupport_introspection_c
[ 40%] [32mBuilding CXX object CMakeFiles/rexy_msg__rosidl_typesupport_fastrtps_cpp.dir/rosidl_typesupport_fastrtps_cpp/rexy_msg/msg/detail/dds_fastrtps/leg_list__type_support.cpp.o[0m
[ 41%] [32mBuilding CXX object CMakeFiles/rexy_msg__rosidl_typesupport_cpp.dir/rosidl_typesupport_cpp/rexy_msg/msg/sonar__type_support.cpp.o[0m
[ 43%] [32mBuilding CXX object CMakeFiles/rexy_msg__rosidl_typesupport_fastrtps_cpp.dir/rosidl_typesupport_fastrtps_cpp/rexy_msg/msg/detail/dds_fastrtps/sonar__type_support.cpp.o[0m
[ 45%] [32mBuilding CXX object CMakeFiles/rexy_msg__rosidl_typesupport_introspection_cpp.dir/rosidl_typesupport_introspection_cpp/rexy_msg/msg/detail/sonar__type_support.cpp.o[0m
[ 47%] [32mBuilding CXX object CMakeFiles/rexy_msg__rosidl_typesupport_cpp.dir/rosidl_typesupport_cpp/rexy_msg/srv/leg_list_state__type_support.cpp.o[0m
[ 49%] [32mBuilding CXX object CMakeFiles/rexy_msg__rosidl_typesupport_fastrtps_cpp.dir/rosidl_typesupport_fastrtps_cpp/rexy_msg/srv/detail/dds_fastrtps/leg_list_state__type_support.cpp.o[0m
[ 50%] [32mBuilding CXX object CMakeFiles/rexy_msg__rosidl_typesupport_introspection_cpp.dir/rosidl_typesupport_introspection_cpp/rexy_msg/srv/detail/leg_list_state__type_support.cpp.o[0m
[ 52%] [34m[1mGenerating C type support dispatch for ROS interfaces[0m
[ 54%] [32m[1mLinking CXX shared library librexy_msg__rosidl_typesupport_cpp.so[0m
[ 54%] Built target rexy_msg__rosidl_typesupport_cpp
[35m[1mScanning dependencies of target rexy_msg__rosidl_typesupport_c[0m
[ 56%] [32m[1mLinking CXX shared library librexy_msg__rosidl_typesupport_introspection_cpp.so[0m
[ 60%] [32mBuilding CXX object CMakeFiles/rexy_msg__rosidl_typesupport_c.dir/rosidl_typesupport_c/rexy_msg/msg/leg__type_support.cpp.o[0m
[ 60%] [32mBuilding CXX object CMakeFiles/rexy_msg__rosidl_typesupport_c.dir/rosidl_typesupport_c/rexy_msg/msg/leg_list__type_support.cpp.o[0m
[ 61%] [32mBuilding CXX object CMakeFiles/rexy_msg__rosidl_typesupport_c.dir/rosidl_typesupport_c/rexy_msg/msg/sonar__type_support.cpp.o[0m
[ 63%] [32mBuilding CXX object CMakeFiles/rexy_msg__rosidl_typesupport_c.dir/rosidl_typesupport_c/rexy_msg/srv/leg_list_state__type_support.cpp.o[0m
[ 63%] Built target rexy_msg__rosidl_typesupport_introspection_cpp
[ 65%] [32m[1mLinking CXX shared library librexy_msg__rosidl_typesupport_c.so[0m
[ 67%] [32m[1mLinking CXX shared library librexy_msg__rosidl_typesupport_fastrtps_cpp.so[0m
[ 67%] Built target rexy_msg__rosidl_typesupport_c
[ 67%] Built target rexy_msg__rosidl_typesupport_fastrtps_cpp
[ 69%] [34m[1mGenerating C type support for eProsima Fast-RTPS[0m
[35m[1mScanning dependencies of target rexy_msg__rosidl_typesupport_fastrtps_c[0m
[ 70%] [32mBuilding CXX object CMakeFiles/rexy_msg__rosidl_typesupport_fastrtps_c.dir/rosidl_typesupport_fastrtps_c/rexy_msg/msg/detail/leg__type_support_c.cpp.o[0m
[ 72%] [32mBuilding CXX object CMakeFiles/rexy_msg__rosidl_typesupport_fastrtps_c.dir/rosidl_typesupport_fastrtps_c/rexy_msg/msg/detail/leg_list__type_support_c.cpp.o[0m
[ 74%] [32mBuilding CXX object CMakeFiles/rexy_msg__rosidl_typesupport_fastrtps_c.dir/rosidl_typesupport_fastrtps_c/rexy_msg/srv/detail/leg_list_state__type_support_c.cpp.o[0m
[ 76%] [32mBuilding CXX object CMakeFiles/rexy_msg__rosidl_typesupport_fastrtps_c.dir/rosidl_typesupport_fastrtps_c/rexy_msg/msg/detail/sonar__type_support_c.cpp.o[0m
[ 78%] [32m[1mLinking CXX shared library librexy_msg__rosidl_typesupport_fastrtps_c.so[0m
[ 78%] Built target rexy_msg__rosidl_typesupport_fastrtps_c
[35m[1mScanning dependencies of target rexy_msg[0m
[ 78%] Built target rexy_msg
[35m[1mScanning dependencies of target rexy_msg__py[0m
[ 80%] [34m[1mGenerating Python code for ROS interfaces[0m
[ 80%] Built target rexy_msg__py
[35m[1mScanning dependencies of target rexy_msg__python[0m
[ 81%] [32mBuilding C object CMakeFiles/rexy_msg__python.dir/rosidl_generator_py/rexy_msg/msg/_leg_list_s.c.o[0m
[ 83%] [32mBuilding C object CMakeFiles/rexy_msg__python.dir/rosidl_generator_py/rexy_msg/msg/_leg_s.c.o[0m
[ 85%] [32mBuilding C object CMakeFiles/rexy_msg__python.dir/rosidl_generator_py/rexy_msg/srv/_leg_list_state_s.c.o[0m
[ 87%] [32mBuilding C object CMakeFiles/rexy_msg__python.dir/rosidl_generator_py/rexy_msg/msg/_sonar_s.c.o[0m
[ 89%] [32m[1mLinking C shared library rosidl_generator_py/rexy_msg/librexy_msg__python.so[0m
[ 89%] Built target rexy_msg__python
[35m[1mScanning dependencies of target rexy_msg__rosidl_typesupport_fastrtps_c__pyext[0m
[35m[1mScanning dependencies of target rexy_msg__rosidl_typesupport_c__pyext[0m
[ 90%] [32mBuilding C object CMakeFiles/rexy_msg__rosidl_typesupport_c__pyext.dir/rosidl_generator_py/rexy_msg/_rexy_msg_s.ep.rosidl_typesupport_c.c.o[0m
[ 92%] [32mBuilding C object CMakeFiles/rexy_msg__rosidl_typesupport_fastrtps_c__pyext.dir/rosidl_generator_py/rexy_msg/_rexy_msg_s.ep.rosidl_typesupport_fastrtps_c.c.o[0m
[ 94%] [32m[1mLinking C shared library rosidl_generator_py/rexy_msg/rexy_msg_s__rosidl_typesupport_c.cpython-38-aarch64-linux-gnu.so[0m
[ 96%] [32m[1mLinking CXX shared library rosidl_generator_py/rexy_msg/rexy_msg_s__rosidl_typesupport_fastrtps_c.cpython-38-aarch64-linux-gnu.so[0m
[ 96%] Built target rexy_msg__rosidl_typesupport_c__pyext
[35m[1mScanning dependencies of target rexy_msg__rosidl_typesupport_introspection_c__pyext[0m
[ 98%] [32mBuilding C object CMakeFiles/rexy_msg__rosidl_typesupport_introspection_c__pyext.dir/rosidl_generator_py/rexy_msg/_rexy_msg_s.ep.rosidl_typesupport_introspection_c.c.o[0m
[ 98%] Built target rexy_msg__rosidl_typesupport_fastrtps_c__pyext
[100%] [32m[1mLinking C shared library rosidl_generator_py/rexy_msg/rexy_msg_s__rosidl_typesupport_introspection_c.cpython-38-aarch64-linux-gnu.so[0m
[100%] Built target rexy_msg__rosidl_typesupport_introspection_c__pyext
