[0.143s] Invoking command in '/home/rexy/rexy_ws/src/build/rexy_msg': CMAKE_PREFIX_PATH=${CMAKE_PREFIX_PATH}:/opt/ros/foxy /usr/bin/cmake /home/rexy/rexy_ws/src/rexy_msg -DCMAKE_INSTALL_PREFIX=/home/rexy/rexy_ws/src/install/rexy_msg
[0.732s] -- The C compiler identification is GNU 9.3.0
[1.593s] -- The CXX compiler identification is GNU 9.3.0
[1.664s] -- Check for working C compiler: /usr/bin/cc
[2.248s] -- Check for working C compiler: /usr/bin/cc -- works
[2.252s] -- Detecting C compiler ABI info
[3.196s] -- Detecting C compiler ABI info - done
[3.385s] -- Detecting C compile features
[3.390s] -- Detecting C compile features - done
[3.423s] -- Check for working CXX compiler: /usr/bin/c++
[4.698s] -- Check for working CXX compiler: /usr/bin/c++ -- works
[4.713s] -- Detecting CXX compiler ABI info
[6.063s] -- Detecting CXX compiler ABI info - done
[6.196s] -- Detecting CXX compile features
[6.199s] -- Detecting CXX compile features - done
[6.232s] -- Found ament_cmake: 0.9.9 (/opt/ros/foxy/share/ament_cmake/cmake)
[6.496s] -- Found PythonInterp: /usr/bin/python3 (found suitable version "3.8.10", minimum required is "3") 
[6.498s] -- Using PYTHON_EXECUTABLE: /usr/bin/python3
[8.736s] -- Found rosidl_default_generators: 1.0.1 (/opt/ros/foxy/share/rosidl_default_generators/cmake)
[8.793s] -- Using all available rosidl_typesupport_c: rosidl_typesupport_fastrtps_c;rosidl_typesupport_introspection_c
[8.916s] -- Found rosidl_adapter: 1.2.1 (/opt/ros/foxy/share/rosidl_adapter/cmake)
[10.228s] -- Found OpenSSL: /usr/lib/aarch64-linux-gnu/libcrypto.so (found version "1.1.1f")  
[10.603s] -- Found FastRTPS: /opt/ros/foxy/include  
[12.583s] -- Using all available rosidl_typesupport_cpp: rosidl_typesupport_fastrtps_cpp;rosidl_typesupport_introspection_cpp
[13.361s] -- Found PythonInterp: /usr/bin/python3 (found version "3.8.10") 
[14.672s] -- Found ament_cmake_ros: 0.9.2 (/opt/ros/foxy/share/ament_cmake_ros/cmake)
[17.080s] -- Using all available rosidl_typesupport_c: rosidl_typesupport_fastrtps_c;rosidl_typesupport_introspection_c
[17.192s] -- Using all available rosidl_typesupport_cpp: rosidl_typesupport_fastrtps_cpp;rosidl_typesupport_introspection_cpp
[17.481s] -- Found PythonInterp: /usr/bin/python3 (found suitable version "3.8.10", minimum required is "3.5") 
[17.532s] -- Found python_cmake_module: 0.8.1 (/opt/ros/foxy/share/python_cmake_module/cmake)
[17.875s] -- Found PythonLibs: /usr/lib/aarch64-linux-gnu/libpython3.8.so (found suitable version "3.8.10", minimum required is "3.5") 
[17.878s] -- Using PYTHON_EXECUTABLE: /usr/bin/python3
[17.880s] -- Using PYTHON_INCLUDE_DIRS: /usr/include/python3.8
[17.884s] -- Using PYTHON_LIBRARIES: /usr/lib/aarch64-linux-gnu/libpython3.8.so
[18.207s] -- Found PythonExtra: .so  
[18.558s] -- Found ament_lint_auto: 0.9.6 (/opt/ros/foxy/share/ament_lint_auto/cmake)
[18.850s] -- Added test 'copyright' to check source files copyright and LICENSE
[18.866s] -- Added test 'lint_cmake' to check CMake code style
[18.877s] -- Added test 'xmllint' to check XML markup files
[18.916s] -- Configuring done
[19.113s] -- Generating done
[19.128s] -- Build files have been written to: /home/rexy/rexy_ws/src/build/rexy_msg
[19.177s] Invoked command in '/home/rexy/rexy_ws/src/build/rexy_msg' returned '0': CMAKE_PREFIX_PATH=${CMAKE_PREFIX_PATH}:/opt/ros/foxy /usr/bin/cmake /home/rexy/rexy_ws/src/rexy_msg -DCMAKE_INSTALL_PREFIX=/home/rexy/rexy_ws/src/install/rexy_msg
[19.179s] Invoking command in '/home/rexy/rexy_ws/src/build/rexy_msg': CMAKE_PREFIX_PATH=${CMAKE_PREFIX_PATH}:/opt/ros/foxy /usr/bin/cmake --build /home/rexy/rexy_ws/src/build/rexy_msg -- -j4 -l4
[19.455s] [  1%] [34m[1mGenerating C code for ROS interfaces[0m
[19.466s] [35m[1mScanning dependencies of target rexy_msg__cpp[0m
[19.537s] [  3%] [34m[1mGenerating C++ code for ROS interfaces[0m
[23.999s] [35m[1mScanning dependencies of target rexy_msg__rosidl_generator_c[0m
[24.032s] [  3%] Built target rexy_msg__cpp
[24.144s] [  7%] [34m[1mGenerating C++ type support for eProsima Fast-RTPS[0m
[24.147s] [  9%] [34m[1mGenerating C++ type support dispatch for ROS interfaces[0m
[24.156s] [  7%] [32mBuilding C object CMakeFiles/rexy_msg__rosidl_generator_c.dir/rosidl_generator_c/rexy_msg/msg/detail/leg__functions.c.o[0m
[24.173s] [ 10%] [34m[1mGenerating C++ introspection for ROS interfaces[0m
[24.652s] [ 12%] [32mBuilding C object CMakeFiles/rexy_msg__rosidl_generator_c.dir/rosidl_generator_c/rexy_msg/msg/detail/leg_list__functions.c.o[0m
[25.128s] [ 14%] [32mBuilding C object CMakeFiles/rexy_msg__rosidl_generator_c.dir/rosidl_generator_c/rexy_msg/msg/detail/sonar__functions.c.o[0m
[25.644s] [ 16%] [32mBuilding C object CMakeFiles/rexy_msg__rosidl_generator_c.dir/rosidl_generator_c/rexy_msg/srv/detail/leg_list_state__functions.c.o[0m
[26.216s] [ 18%] [32m[1mLinking C shared library librexy_msg__rosidl_generator_c.so[0m
[26.697s] [ 18%] Built target rexy_msg__rosidl_generator_c
[26.861s] [ 20%] [34m[1mGenerating C introspection for ROS interfaces[0m
[27.502s] [35m[1mScanning dependencies of target rexy_msg__rosidl_typesupport_cpp[0m
[27.679s] [ 21%] [32mBuilding CXX object CMakeFiles/rexy_msg__rosidl_typesupport_cpp.dir/rosidl_typesupport_cpp/rexy_msg/msg/leg__type_support.cpp.o[0m
[28.131s] [35m[1mScanning dependencies of target rexy_msg__rosidl_typesupport_introspection_cpp[0m
[28.342s] [ 23%] [32mBuilding CXX object CMakeFiles/rexy_msg__rosidl_typesupport_introspection_cpp.dir/rosidl_typesupport_introspection_cpp/rexy_msg/msg/detail/leg__type_support.cpp.o[0m
[28.735s] [35m[1mScanning dependencies of target rexy_msg__rosidl_typesupport_fastrtps_cpp[0m
[28.996s] [ 25%] [32mBuilding CXX object CMakeFiles/rexy_msg__rosidl_typesupport_fastrtps_cpp.dir/rosidl_typesupport_fastrtps_cpp/rexy_msg/msg/detail/dds_fastrtps/leg__type_support.cpp.o[0m
[31.125s] [ 27%] [32mBuilding CXX object CMakeFiles/rexy_msg__rosidl_typesupport_cpp.dir/rosidl_typesupport_cpp/rexy_msg/msg/leg_list__type_support.cpp.o[0m
[31.301s] [35m[1mScanning dependencies of target rexy_msg__rosidl_typesupport_introspection_c[0m
[31.500s] [ 29%] [32mBuilding C object CMakeFiles/rexy_msg__rosidl_typesupport_introspection_c.dir/rosidl_typesupport_introspection_c/rexy_msg/msg/detail/leg__type_support.c.o[0m
[31.958s] [ 30%] [32mBuilding C object CMakeFiles/rexy_msg__rosidl_typesupport_introspection_c.dir/rosidl_typesupport_introspection_c/rexy_msg/msg/detail/leg_list__type_support.c.o[0m
[32.475s] [ 32%] [32mBuilding C object CMakeFiles/rexy_msg__rosidl_typesupport_introspection_c.dir/rosidl_typesupport_introspection_c/rexy_msg/msg/detail/sonar__type_support.c.o[0m
[32.888s] [ 34%] [32mBuilding C object CMakeFiles/rexy_msg__rosidl_typesupport_introspection_c.dir/rosidl_typesupport_introspection_c/rexy_msg/srv/detail/leg_list_state__type_support.c.o[0m
[32.996s] [ 36%] [32mBuilding CXX object CMakeFiles/rexy_msg__rosidl_typesupport_introspection_cpp.dir/rosidl_typesupport_introspection_cpp/rexy_msg/msg/detail/leg_list__type_support.cpp.o[0m
[33.320s] [ 38%] [32m[1mLinking C shared library librexy_msg__rosidl_typesupport_introspection_c.so[0m
[33.790s] [ 38%] Built target rexy_msg__rosidl_typesupport_introspection_c
[33.925s] [ 40%] [32mBuilding CXX object CMakeFiles/rexy_msg__rosidl_typesupport_fastrtps_cpp.dir/rosidl_typesupport_fastrtps_cpp/rexy_msg/msg/detail/dds_fastrtps/leg_list__type_support.cpp.o[0m
[34.711s] [ 41%] [32mBuilding CXX object CMakeFiles/rexy_msg__rosidl_typesupport_cpp.dir/rosidl_typesupport_cpp/rexy_msg/msg/sonar__type_support.cpp.o[0m
[34.844s] [ 43%] [32mBuilding CXX object CMakeFiles/rexy_msg__rosidl_typesupport_fastrtps_cpp.dir/rosidl_typesupport_fastrtps_cpp/rexy_msg/msg/detail/dds_fastrtps/sonar__type_support.cpp.o[0m
[37.320s] [ 45%] [32mBuilding CXX object CMakeFiles/rexy_msg__rosidl_typesupport_introspection_cpp.dir/rosidl_typesupport_introspection_cpp/rexy_msg/msg/detail/sonar__type_support.cpp.o[0m
[38.292s] [ 47%] [32mBuilding CXX object CMakeFiles/rexy_msg__rosidl_typesupport_cpp.dir/rosidl_typesupport_cpp/rexy_msg/srv/leg_list_state__type_support.cpp.o[0m
[40.267s] [ 49%] [32mBuilding CXX object CMakeFiles/rexy_msg__rosidl_typesupport_fastrtps_cpp.dir/rosidl_typesupport_fastrtps_cpp/rexy_msg/srv/detail/dds_fastrtps/leg_list_state__type_support.cpp.o[0m
[40.368s] [ 50%] [32mBuilding CXX object CMakeFiles/rexy_msg__rosidl_typesupport_introspection_cpp.dir/rosidl_typesupport_introspection_cpp/rexy_msg/srv/detail/leg_list_state__type_support.cpp.o[0m
[41.192s] [ 52%] [34m[1mGenerating C type support dispatch for ROS interfaces[0m
[41.612s] [ 54%] [32m[1mLinking CXX shared library librexy_msg__rosidl_typesupport_cpp.so[0m
[42.100s] [ 54%] Built target rexy_msg__rosidl_typesupport_cpp
[44.451s] [35m[1mScanning dependencies of target rexy_msg__rosidl_typesupport_c[0m
[44.474s] [ 56%] [32m[1mLinking CXX shared library librexy_msg__rosidl_typesupport_introspection_cpp.so[0m
[44.663s] [ 60%] [32mBuilding CXX object CMakeFiles/rexy_msg__rosidl_typesupport_c.dir/rosidl_typesupport_c/rexy_msg/msg/leg__type_support.cpp.o[0m
[44.664s] [ 60%] [32mBuilding CXX object CMakeFiles/rexy_msg__rosidl_typesupport_c.dir/rosidl_typesupport_c/rexy_msg/msg/leg_list__type_support.cpp.o[0m
[45.262s] [ 61%] [32mBuilding CXX object CMakeFiles/rexy_msg__rosidl_typesupport_c.dir/rosidl_typesupport_c/rexy_msg/msg/sonar__type_support.cpp.o[0m
[45.298s] [ 63%] [32mBuilding CXX object CMakeFiles/rexy_msg__rosidl_typesupport_c.dir/rosidl_typesupport_c/rexy_msg/srv/leg_list_state__type_support.cpp.o[0m
[45.485s] [ 63%] Built target rexy_msg__rosidl_typesupport_introspection_cpp
[45.699s] [ 65%] [32m[1mLinking CXX shared library librexy_msg__rosidl_typesupport_c.so[0m
[45.982s] [ 67%] [32m[1mLinking CXX shared library librexy_msg__rosidl_typesupport_fastrtps_cpp.so[0m
[46.023s] [ 67%] Built target rexy_msg__rosidl_typesupport_c
[46.483s] [ 67%] Built target rexy_msg__rosidl_typesupport_fastrtps_cpp
[46.545s] [ 69%] [34m[1mGenerating C type support for eProsima Fast-RTPS[0m
[48.619s] [35m[1mScanning dependencies of target rexy_msg__rosidl_typesupport_fastrtps_c[0m
[48.727s] [ 70%] [32mBuilding CXX object CMakeFiles/rexy_msg__rosidl_typesupport_fastrtps_c.dir/rosidl_typesupport_fastrtps_c/rexy_msg/msg/detail/leg__type_support_c.cpp.o[0m
[48.765s] [ 72%] [32mBuilding CXX object CMakeFiles/rexy_msg__rosidl_typesupport_fastrtps_c.dir/rosidl_typesupport_fastrtps_c/rexy_msg/msg/detail/leg_list__type_support_c.cpp.o[0m
[51.219s] [ 74%] [32mBuilding CXX object CMakeFiles/rexy_msg__rosidl_typesupport_fastrtps_c.dir/rosidl_typesupport_fastrtps_c/rexy_msg/srv/detail/leg_list_state__type_support_c.cpp.o[0m
[51.233s] [ 76%] [32mBuilding CXX object CMakeFiles/rexy_msg__rosidl_typesupport_fastrtps_c.dir/rosidl_typesupport_fastrtps_c/rexy_msg/msg/detail/sonar__type_support_c.cpp.o[0m
[53.491s] [ 78%] [32m[1mLinking CXX shared library librexy_msg__rosidl_typesupport_fastrtps_c.so[0m
[53.850s] [ 78%] Built target rexy_msg__rosidl_typesupport_fastrtps_c
[53.897s] [35m[1mScanning dependencies of target rexy_msg[0m
[53.947s] [ 78%] Built target rexy_msg
[53.994s] [35m[1mScanning dependencies of target rexy_msg__py[0m
[54.050s] [ 80%] [34m[1mGenerating Python code for ROS interfaces[0m
[58.029s] [ 80%] Built target rexy_msg__py
[58.079s] [35m[1mScanning dependencies of target rexy_msg__python[0m
[58.275s] [ 81%] [32mBuilding C object CMakeFiles/rexy_msg__python.dir/rosidl_generator_py/rexy_msg/msg/_leg_list_s.c.o[0m
[58.283s] [ 83%] [32mBuilding C object CMakeFiles/rexy_msg__python.dir/rosidl_generator_py/rexy_msg/msg/_leg_s.c.o[0m
[58.774s] [ 85%] [32mBuilding C object CMakeFiles/rexy_msg__python.dir/rosidl_generator_py/rexy_msg/srv/_leg_list_state_s.c.o[0m
[58.831s] [ 87%] [32mBuilding C object CMakeFiles/rexy_msg__python.dir/rosidl_generator_py/rexy_msg/msg/_sonar_s.c.o[0m
[59.267s] [ 89%] [32m[1mLinking C shared library rosidl_generator_py/rexy_msg/librexy_msg__python.so[0m
[59.453s] [ 89%] Built target rexy_msg__python
[59.533s] [35m[1mScanning dependencies of target rexy_msg__rosidl_typesupport_fastrtps_c__pyext[0m
[59.536s] [35m[1mScanning dependencies of target rexy_msg__rosidl_typesupport_c__pyext[0m
[59.631s] [ 90%] [32mBuilding C object CMakeFiles/rexy_msg__rosidl_typesupport_c__pyext.dir/rosidl_generator_py/rexy_msg/_rexy_msg_s.ep.rosidl_typesupport_c.c.o[0m
[59.660s] [ 92%] [32mBuilding C object CMakeFiles/rexy_msg__rosidl_typesupport_fastrtps_c__pyext.dir/rosidl_generator_py/rexy_msg/_rexy_msg_s.ep.rosidl_typesupport_fastrtps_c.c.o[0m
[60.102s] [ 94%] [32m[1mLinking C shared library rosidl_generator_py/rexy_msg/rexy_msg_s__rosidl_typesupport_c.cpython-38-aarch64-linux-gnu.so[0m
[60.158s] [ 96%] [32m[1mLinking CXX shared library rosidl_generator_py/rexy_msg/rexy_msg_s__rosidl_typesupport_fastrtps_c.cpython-38-aarch64-linux-gnu.so[0m
[60.275s] [ 96%] Built target rexy_msg__rosidl_typesupport_c__pyext
[60.329s] [35m[1mScanning dependencies of target rexy_msg__rosidl_typesupport_introspection_c__pyext[0m
[60.428s] [ 98%] [32mBuilding C object CMakeFiles/rexy_msg__rosidl_typesupport_introspection_c__pyext.dir/rosidl_generator_py/rexy_msg/_rexy_msg_s.ep.rosidl_typesupport_introspection_c.c.o[0m
[60.461s] [ 98%] Built target rexy_msg__rosidl_typesupport_fastrtps_c__pyext
[60.892s] [100%] [32m[1mLinking C shared library rosidl_generator_py/rexy_msg/rexy_msg_s__rosidl_typesupport_introspection_c.cpython-38-aarch64-linux-gnu.so[0m
[61.049s] [100%] Built target rexy_msg__rosidl_typesupport_introspection_c__pyext
